2023-09-14 17:39:12 [main] INFO  g.h.h.HeliosHiperionidaApplication - Starting HeliosHiperionidaApplication using Java 17.0.8 with PID 6485 (/home/gloit/GIT/helios/hh-back/target/classes started by gloit in /home/gloit/GIT/helios/hh-back)
2023-09-14 17:39:12 [main] INFO  g.h.h.HeliosHiperionidaApplication - The following 1 profile is active: "devGloit"
2023-09-14 17:39:12 [main] INFO  o.s.d.r.c.RepositoryConfigurationDelegate - Bootstrapping Spring Data JPA repositories in DEFAULT mode.
2023-09-14 17:39:12 [main] INFO  o.s.d.r.c.RepositoryConfigurationDelegate - Finished Spring Data repository scanning in 100 ms. Found 37 JPA repository interfaces.
2023-09-14 17:39:13 [main] INFO  o.s.b.w.e.tomcat.TomcatWebServer - Tomcat initialized with port(s): 9088 (http)
2023-09-14 17:39:13 [main] INFO  o.a.catalina.core.StandardService - Starting service [Tomcat]
2023-09-14 17:39:13 [main] INFO  o.a.catalina.core.StandardEngine - Starting Servlet engine: [Apache Tomcat/10.1.12]
2023-09-14 17:39:13 [main] INFO  o.a.c.c.C.[Tomcat].[localhost].[/] - Initializing Spring embedded WebApplicationContext
2023-09-14 17:39:13 [main] INFO  o.s.b.w.s.c.ServletWebServerApplicationContext - Root WebApplicationContext: initialization completed in 975 ms
2023-09-14 17:39:13 [main] INFO  o.h.jpa.internal.util.LogHelper - HHH000204: Processing PersistenceUnitInfo [name: default]
2023-09-14 17:39:13 [main] INFO  org.hibernate.Version - HHH000412: Hibernate ORM core version 6.2.7.Final
2023-09-14 17:39:13 [main] INFO  org.hibernate.cfg.Environment - HHH000406: Using bytecode reflection optimizer
2023-09-14 17:39:13 [main] INFO  o.h.b.i.BytecodeProviderInitiator - HHH000021: Bytecode provider name : bytebuddy
2023-09-14 17:39:13 [main] INFO  o.s.o.j.p.SpringPersistenceUnitInfo - No LoadTimeWeaver setup: ignoring JPA class transformer
2023-09-14 17:39:13 [main] INFO  com.zaxxer.hikari.HikariDataSource - HikariPool-1 - Starting...
2023-09-14 17:39:14 [main] INFO  com.zaxxer.hikari.pool.HikariPool - HikariPool-1 - Added connection com.mysql.cj.jdbc.ConnectionImpl@7c5c20ed
2023-09-14 17:39:14 [main] INFO  com.zaxxer.hikari.HikariDataSource - HikariPool-1 - Start completed.
2023-09-14 17:39:14 [main] INFO  o.h.b.i.BytecodeProviderInitiator - HHH000021: Bytecode provider name : bytebuddy
2023-09-14 17:39:15 [main] INFO  o.h.e.t.j.p.i.JtaPlatformInitiator - HHH000490: Using JtaPlatform implementation: [org.hibernate.engine.transaction.jta.platform.internal.NoJtaPlatform]
2023-09-14 17:39:18 [main] INFO  o.s.o.j.LocalContainerEntityManagerFactoryBean - Initialized JPA EntityManagerFactory for persistence unit 'default'
2023-09-14 17:39:18 [main] INFO  o.s.d.j.r.query.QueryEnhancerFactory - Hibernate is in classpath; If applicable, HQL parser will be used.
2023-09-14 17:39:21 [main] INFO  o.s.s.web.DefaultSecurityFilterChain - Will secure any request with [org.springframework.security.web.session.DisableEncodeUrlFilter@4363f0ee, org.springframework.security.web.context.request.async.WebAsyncManagerIntegrationFilter@68d4ed14, org.springframework.security.web.context.SecurityContextHolderFilter@4e6b3894, org.springframework.security.web.header.HeaderWriterFilter@13d02df2, org.springframework.security.web.authentication.logout.LogoutFilter@56e92cdf, gloit.hiperionida.helios.util.security.JwtAuthenticationFilter@2ed16651, org.springframework.security.web.savedrequest.RequestCacheAwareFilter@32be264e, org.springframework.security.web.servletapi.SecurityContextHolderAwareRequestFilter@521a3128, org.springframework.security.web.authentication.AnonymousAuthenticationFilter@7c638b27, org.springframework.security.web.session.SessionManagementFilter@4fdb4052, org.springframework.security.web.access.ExceptionTranslationFilter@3c053ff2, org.springframework.security.web.access.intercept.AuthorizationFilter@2810618f]
2023-09-14 17:39:21 [main] INFO  o.s.b.w.e.tomcat.TomcatWebServer - Tomcat started on port(s): 9088 (http) with context path ''
2023-09-14 17:39:21 [main] INFO  g.h.h.HeliosHiperionidaApplication - Started HeliosHiperionidaApplication in 9.643 seconds (process running for 10.111)
2023-09-14 17:39:40 [http-nio-9088-exec-1] INFO  o.a.c.c.C.[Tomcat].[localhost].[/] - Initializing Spring DispatcherServlet 'dispatcherServlet'
2023-09-14 17:39:40 [http-nio-9088-exec-1] INFO  o.s.web.servlet.DispatcherServlet - Initializing Servlet 'dispatcherServlet'
2023-09-14 17:39:40 [http-nio-9088-exec-1] INFO  o.s.web.servlet.DispatcherServlet - Completed initialization in 1 ms
2023-09-14 17:40:05 [SpringApplicationShutdownHook] INFO  o.s.o.j.LocalContainerEntityManagerFactoryBean - Closing JPA EntityManagerFactory for persistence unit 'default'
2023-09-14 17:40:05 [SpringApplicationShutdownHook] INFO  com.zaxxer.hikari.HikariDataSource - HikariPool-1 - Shutdown initiated...
2023-09-14 17:40:05 [SpringApplicationShutdownHook] INFO  com.zaxxer.hikari.HikariDataSource - HikariPool-1 - Shutdown completed.
2023-09-14 17:41:21 [main] INFO  g.h.h.HeliosHiperionidaApplication - Starting HeliosHiperionidaApplication using Java 17.0.8 with PID 7931 (/home/gloit/GIT/helios/hh-back/target/classes started by gloit in /home/gloit/GIT/helios/hh-back)
2023-09-14 17:41:21 [main] INFO  g.h.h.HeliosHiperionidaApplication - The following 1 profile is active: "devGloit"
2023-09-14 17:41:21 [main] INFO  o.s.d.r.c.RepositoryConfigurationDelegate - Bootstrapping Spring Data JPA repositories in DEFAULT mode.
2023-09-14 17:41:21 [main] INFO  o.s.d.r.c.RepositoryConfigurationDelegate - Finished Spring Data repository scanning in 95 ms. Found 37 JPA repository interfaces.
2023-09-14 17:41:22 [main] INFO  o.s.b.w.e.tomcat.TomcatWebServer - Tomcat initialized with port(s): 9088 (http)
2023-09-14 17:41:22 [main] INFO  o.a.catalina.core.StandardService - Starting service [Tomcat]
2023-09-14 17:41:22 [main] INFO  o.a.catalina.core.StandardEngine - Starting Servlet engine: [Apache Tomcat/10.1.12]
2023-09-14 17:41:22 [main] INFO  o.a.c.c.C.[Tomcat].[localhost].[/] - Initializing Spring embedded WebApplicationContext
2023-09-14 17:41:22 [main] INFO  o.s.b.w.s.c.ServletWebServerApplicationContext - Root WebApplicationContext: initialization completed in 1008 ms
2023-09-14 17:41:22 [main] INFO  o.h.jpa.internal.util.LogHelper - HHH000204: Processing PersistenceUnitInfo [name: default]
2023-09-14 17:41:22 [main] INFO  org.hibernate.Version - HHH000412: Hibernate ORM core version 6.2.7.Final
2023-09-14 17:41:22 [main] INFO  org.hibernate.cfg.Environment - HHH000406: Using bytecode reflection optimizer
2023-09-14 17:41:22 [main] INFO  o.h.b.i.BytecodeProviderInitiator - HHH000021: Bytecode provider name : bytebuddy
2023-09-14 17:41:22 [main] INFO  o.s.o.j.p.SpringPersistenceUnitInfo - No LoadTimeWeaver setup: ignoring JPA class transformer
2023-09-14 17:41:22 [main] INFO  com.zaxxer.hikari.HikariDataSource - HikariPool-1 - Starting...
2023-09-14 17:41:22 [main] INFO  com.zaxxer.hikari.pool.HikariPool - HikariPool-1 - Added connection com.mysql.cj.jdbc.ConnectionImpl@17d76ebb
2023-09-14 17:41:22 [main] INFO  com.zaxxer.hikari.HikariDataSource - HikariPool-1 - Start completed.
2023-09-14 17:41:22 [main] INFO  o.h.b.i.BytecodeProviderInitiator - HHH000021: Bytecode provider name : bytebuddy
2023-09-14 17:41:23 [main] INFO  o.h.e.t.j.p.i.JtaPlatformInitiator - HHH000490: Using JtaPlatform implementation: [org.hibernate.engine.transaction.jta.platform.internal.NoJtaPlatform]
2023-09-14 17:41:25 [main] INFO  o.s.o.j.LocalContainerEntityManagerFactoryBean - Initialized JPA EntityManagerFactory for persistence unit 'default'
2023-09-14 17:41:26 [main] INFO  o.s.d.j.r.query.QueryEnhancerFactory - Hibernate is in classpath; If applicable, HQL parser will be used.
2023-09-14 17:41:27 [main] INFO  o.s.s.web.DefaultSecurityFilterChain - Will secure any request with [org.springframework.security.web.session.DisableEncodeUrlFilter@7b95eab0, org.springframework.security.web.context.request.async.WebAsyncManagerIntegrationFilter@433f4eed, org.springframework.security.web.context.SecurityContextHolderFilter@34784a86, org.springframework.security.web.header.HeaderWriterFilter@679e03c2, org.springframework.security.web.authentication.logout.LogoutFilter@18e6b4e2, gloit.hiperionida.helios.util.security.JwtAuthenticationFilter@56584f06, org.springframework.security.web.savedrequest.RequestCacheAwareFilter@a59e0e4, org.springframework.security.web.servletapi.SecurityContextHolderAwareRequestFilter@13d02df2, org.springframework.security.web.authentication.AnonymousAuthenticationFilter@1ecf20aa, org.springframework.security.web.session.SessionManagementFilter@3b866e7d, org.springframework.security.web.access.ExceptionTranslationFilter@44a84775, org.springframework.security.web.access.intercept.AuthorizationFilter@485e0996]
2023-09-14 17:41:27 [main] INFO  o.s.b.w.e.tomcat.TomcatWebServer - Tomcat started on port(s): 9088 (http) with context path ''
2023-09-14 17:41:27 [main] INFO  g.h.h.HeliosHiperionidaApplication - Started HeliosHiperionidaApplication in 6.778 seconds (process running for 7.194)
2023-09-14 17:41:59 [http-nio-9088-exec-1] INFO  o.a.c.c.C.[Tomcat].[localhost].[/] - Initializing Spring DispatcherServlet 'dispatcherServlet'
2023-09-14 17:41:59 [http-nio-9088-exec-1] INFO  o.s.web.servlet.DispatcherServlet - Initializing Servlet 'dispatcherServlet'
2023-09-14 17:41:59 [http-nio-9088-exec-1] INFO  o.s.web.servlet.DispatcherServlet - Completed initialization in 1 ms
2023-09-14 17:41:59 [http-nio-9088-exec-1] INFO  g.h.h.u.s.i.UsuarioServiceImpl - Buscando la entidad Usuario con nombre de usuario: admin@admin.com.
2023-09-14 17:41:59 [http-nio-9088-exec-1] INFO  g.h.h.u.s.i.UsuarioServiceImpl - Se encontro una entidad Usuario con nombre de usuario: admin@admin.com.
2023-09-14 17:42:00 [http-nio-9088-exec-1] INFO  g.h.h.u.s.i.AutenticacionServiceImpl - El usuario admin@admin.com se logueo correctamente.
2023-09-14 19:29:31 [SpringApplicationShutdownHook] INFO  o.s.o.j.LocalContainerEntityManagerFactoryBean - Closing JPA EntityManagerFactory for persistence unit 'default'
2023-09-14 19:29:31 [SpringApplicationShutdownHook] INFO  com.zaxxer.hikari.HikariDataSource - HikariPool-1 - Shutdown initiated...
2023-09-14 19:29:31 [SpringApplicationShutdownHook] INFO  com.zaxxer.hikari.HikariDataSource - HikariPool-1 - Shutdown completed.
